DEBUG 2015-01-21 11:02:12,023: 	 Executing command: 'submit'
DEBUG 2015-01-21 11:02:12,024: 	 Found /uscms/home/jchaves/.crab3 file
DEBUG 2015-01-21 11:02:12,032: 	 Checking credentials
DEBUG 2015-01-21 11:02:12,033: 	 Found proxy file /tmp/x509up_u45011
DEBUG 2015-01-21 11:02:12,033: 	 Getting proxy life time left
DEBUG 2015-01-21 11:02:12,135: 	 Executing : 
 command : voms-proxy-info -file /tmp/x509up_u45011 -timeleft
 output : 611574

 error: 
 retcode : 0
DEBUG 2015-01-21 11:02:12,237: 	 Executing : 
 command : voms-proxy-info -file /tmp/x509up_u45011 -actimeleft
 output : 611574

 error: 
 retcode : 0
DEBUG 2015-01-21 11:02:12,237: 	 Proxy valid for 169:52:54 hours
INFO 2015-01-21 11:02:12,238: 	 Will use configuration file crabConfig.py
DEBUG 2015-01-21 11:02:12,238: 	 Loading configuration
ERROR 2015-01-21 11:02:12,246: 	 Working area '/uscms/home/jchaves/CMSSW_7_2_2_patch2/src/JChaves/MakeSamples/crab/Nstep_MuMu_1000/crab_crab_Nstep_MuMu_1000' already exists 
Please change the requestName in the config file
ERROR 2015-01-21 11:02:12,247: 	 Caught exception
Traceback (most recent call last):
  File "/cvmfs/cms.cern.ch/crab3/slc6_amd64_gcc481/cms/crabclient/3.3.12.patch1/bin/crab", line 181, in <module>
    client()
  File "/cvmfs/cms.cern.ch/crab3/slc6_amd64_gcc481/cms/crabclient/3.3.12.patch1/bin/crab", line 166, in __call__
    self.cmd = sub_cmd(self.logger, args[1:])
  File "/cvmfs/cms.cern.ch/crab3/slc6_amd64_gcc481/cms/crabclient/3.3.12.patch1/lib/python2.6/site-packages/CRABClient/Commands/submit.py", line 39, in __init__
    SubCommand.__init__(self, logger, cmdargs, disable_interspersed_args = True)
  File "/cvmfs/cms.cern.ch/crab3/slc6_amd64_gcc481/cms/crabclient/3.3.12.patch1/lib/python2.6/site-packages/CRABClient/Commands/SubCommand.py", line 222, in __init__
    getattr(self.configuration.General, 'requestName', None))
  File "/cvmfs/cms.cern.ch/crab3/slc6_amd64_gcc481/cms/crabclient/3.3.12.patch1/lib/python2.6/site-packages/CRABClient/client_utilities.py", line 336, in createWorkArea
    raise ConfigException("Working area '%s' already exists \nPlease change the requestName in the config file" % fullpath)
ConfigException: Working area '/uscms/home/jchaves/CMSSW_7_2_2_patch2/src/JChaves/MakeSamples/crab/Nstep_MuMu_1000/crab_crab_Nstep_MuMu_1000' already exists 
Please change the requestName in the config file
DEBUG 2015-01-21 11:16:55,214: 	 Executing command: 'status'
DEBUG 2015-01-21 11:16:55,214: 	 Found /uscms/home/jchaves/.crab3 file
DEBUG 2015-01-21 11:16:55,240: 	 Checking credentials
DEBUG 2015-01-21 11:16:55,240: 	 Found proxy file /tmp/x509up_u45011
DEBUG 2015-01-21 11:16:55,240: 	 Getting proxy life time left
DEBUG 2015-01-21 11:16:55,342: 	 Executing : 
 command : voms-proxy-info -file /tmp/x509up_u45011 -timeleft
 output : 610691

 error: 
 retcode : 0
DEBUG 2015-01-21 11:16:55,445: 	 Executing : 
 command : voms-proxy-info -file /tmp/x509up_u45011 -actimeleft
 output : 610691

 error: 
 retcode : 0
DEBUG 2015-01-21 11:16:55,445: 	 Proxy valid for 169:38:11 hours
ERROR 2015-01-21 11:16:55,447: 	 Cannot find .requestcache file inside the working directory for task Nstep_MuMu_10
ERROR 2015-01-21 11:16:55,447: 	 Caught exception
Traceback (most recent call last):
  File "/cvmfs/cms.cern.ch/crab3/slc6_amd64_gcc481/cms/crabclient/3.3.12.patch1/bin/crab", line 181, in <module>
    client()
  File "/cvmfs/cms.cern.ch/crab3/slc6_amd64_gcc481/cms/crabclient/3.3.12.patch1/bin/crab", line 166, in __call__
    self.cmd = sub_cmd(self.logger, args[1:])
  File "/cvmfs/cms.cern.ch/crab3/slc6_amd64_gcc481/cms/crabclient/3.3.12.patch1/lib/python2.6/site-packages/CRABClient/Commands/SubCommand.py", line 242, in __init__
    self.loadLocalCache()
  File "/cvmfs/cms.cern.ch/crab3/slc6_amd64_gcc481/cms/crabclient/3.3.12.patch1/lib/python2.6/site-packages/CRABClient/Commands/SubCommand.py", line 346, in loadLocalCache
    self.cachedinfo, self.logfile = loadCache(self.requestarea, self.logger)
  File "/cvmfs/cms.cern.ch/crab3/slc6_amd64_gcc481/cms/crabclient/3.3.12.patch1/lib/python2.6/site-packages/CRABClient/client_utilities.py", line 389, in loadCache
    raise CachefileNotFoundException(msg)
CachefileNotFoundException: Cannot find .requestcache file inside the working directory for task Nstep_MuMu_10
DEBUG 2015-01-21 12:36:42,647: 	 Executing command: 'status'
DEBUG 2015-01-21 12:36:42,648: 	 Found /uscms/home/jchaves/.crab3 file
DEBUG 2015-01-21 12:36:42,659: 	 Checking credentials
DEBUG 2015-01-21 12:36:42,659: 	 Found proxy file /tmp/x509up_u45011
DEBUG 2015-01-21 12:36:42,659: 	 Getting proxy life time left
DEBUG 2015-01-21 12:36:42,761: 	 Executing : 
 command : voms-proxy-info -file /tmp/x509up_u45011 -timeleft
 output : 605904

 error: 
 retcode : 0
DEBUG 2015-01-21 12:36:42,863: 	 Executing : 
 command : voms-proxy-info -file /tmp/x509up_u45011 -actimeleft
 output : 605904

 error: 
 retcode : 0
DEBUG 2015-01-21 12:36:42,863: 	 Proxy valid for 168:18:24 hours
ERROR 2015-01-21 12:36:42,865: 	 Cannot find .requestcache file inside the working directory for task Nstep_MuMu_1000
ERROR 2015-01-21 12:36:42,865: 	 Caught exception
Traceback (most recent call last):
  File "/cvmfs/cms.cern.ch/crab3/slc6_amd64_gcc481/cms/crabclient/3.3.12.patch1/bin/crab", line 181, in <module>
    client()
  File "/cvmfs/cms.cern.ch/crab3/slc6_amd64_gcc481/cms/crabclient/3.3.12.patch1/bin/crab", line 166, in __call__
    self.cmd = sub_cmd(self.logger, args[1:])
  File "/cvmfs/cms.cern.ch/crab3/slc6_amd64_gcc481/cms/crabclient/3.3.12.patch1/lib/python2.6/site-packages/CRABClient/Commands/SubCommand.py", line 242, in __init__
    self.loadLocalCache()
  File "/cvmfs/cms.cern.ch/crab3/slc6_amd64_gcc481/cms/crabclient/3.3.12.patch1/lib/python2.6/site-packages/CRABClient/Commands/SubCommand.py", line 346, in loadLocalCache
    self.cachedinfo, self.logfile = loadCache(self.requestarea, self.logger)
  File "/cvmfs/cms.cern.ch/crab3/slc6_amd64_gcc481/cms/crabclient/3.3.12.patch1/lib/python2.6/site-packages/CRABClient/client_utilities.py", line 389, in loadCache
    raise CachefileNotFoundException(msg)
CachefileNotFoundException: Cannot find .requestcache file inside the working directory for task Nstep_MuMu_1000
